Using pre-set license
Built from '2020.2/staging' branch; Version is '2020.2.6f1 (8a2143876886) revision 9052483'; Using compiler version '192528614'; Build Type 'Release'
OS: 'Windows 10 Pro; OS build 22000.258; Version 2009; 64bit' Language: 'en' Physical Memory: 8073 MB
BatchMode: 1, IsHumanControllingUs: 0, StartBugReporterOnCrash: 0, Is64bit: 1, IsPro: 0

 COMMAND LINE ARGUMENTS:
E:\#UnityStuff2\Unity\Editor\Unity.exe
-adb2
-batchMode
-noUpm
-name
AssetImportWorker0
-projectPath
E:/multimedia/UnityProjects/FlappyBird
-logFile
Logs/AssetImportWorker0.log
-srvPort
49710
Successfully changed project path to: E:/multimedia/UnityProjects/FlappyBird
E:/multimedia/UnityProjects/FlappyBird
Using Asset Import Pipeline V2.
Refreshing native plugins compatible for Editor in 53.87 ms, found 1 plugins.
Preloading 0 native plugins for Editor in 0.00 ms.
Initialize engine version: 2020.2.6f1 (8a2143876886)
[Subsystems] Discovering subsystems at path E:/#UnityStuff2/Unity/Editor/Data/Resources/UnitySubsystems
[Subsystems] Discovering subsystems at path E:/multimedia/UnityProjects/FlappyBird/Assets
GfxDevice: creating device client; threaded=0
Direct3D:
    Version:  Direct3D 11.0 [level 11.0]
    Renderer: NVIDIA GeForce 920MX (ID=0x134f)
    Vendor:   
    VRAM:     2010 MB
    Driver:   27.21.14.5167
Initialize mono
Mono path[0] = 'E:/#UnityStuff2/Unity/Editor/Data/Managed'
Mono path[1] = 'E:/#UnityStuff2/Unity/Editor/Data/MonoBleedingEdge/lib/mono/unityjit'
Mono config path = 'E:/#UnityStuff2/Unity/Editor/Data/MonoBleedingEdge/etc'
Using monoOptions --debugger-agent=transport=dt_socket,embedding=1,server=y,suspend=n,address=127.0.0.1:56168
Begin MonoManager ReloadAssembly
Registering precompiled unity dll's ...
Register platform support module: E:/#UnityStuff2/Unity/Editor/Data/PlaybackEngines/WindowsStandaloneSupport/UnityEditor.WindowsStandalone.Extensions.dll
Registered in 0.001486 seconds.
Native extension for WindowsStandalone target not found
Refreshing native plugins compatible for Editor in 44.53 ms, found 1 plugins.
Preloading 0 native plugins for Editor in 0.00 ms.
Invoked RoslynAnalysisRunner static constructor.
RoslynAnalysisRunner will not be running.
RoslynAnalysisRunner has terminated.
Mono: successfully reloaded assembly
- Completed reload, in  1.531 seconds
Platform modules already initialized, skipping
Registering precompiled user dll's ...
Registered in 0.001341 seconds.
Begin MonoManager ReloadAssembly
Native extension for WindowsStandalone target not found
Refreshing native plugins compatible for Editor in 44.81 ms, found 1 plugins.
Preloading 0 native plugins for Editor in 0.00 ms.
Invoked RoslynAnalysisRunner static constructor.
RoslynAnalysisRunner will not be running.
RoslynAnalysisRunner has terminated.
Mono: successfully reloaded assembly
- Completed reload, in  1.240 seconds
Platform modules already initialized, skipping
========================================================================
Worker process is ready to serve import requests
Launched and connected shader compiler UnityShaderCompiler.exe after 0.07 seconds
Refreshing native plugins compatible for Editor in 0.43 ms, found 1 plugins.
Preloading 0 native plugins for Editor in 0.00 ms.
Unloading 1817 Unused Serialized files (Serialized files now loaded: 0)
System memory in use before: 86.5 MB.
System memory in use after: 86.5 MB.

Unloading 24 unused Assets to reduce memory usage. Loaded Objects now: 2259.
Total: 5.006200 ms (FindLiveObjects: 0.644000 ms CreateObjectMapping: 0.248800 ms MarkObjects: 3.876800 ms  DeleteObjects: 0.233500 ms)

========================================================================
Received Import Request.
  path: Assets/Scenes/mainmenu.unity
  artifactKey: Guid(592790516eff7a2428df10ed0c8a52dd) Importer(815301076,1909f56bfc062723c751e8b465ee728b)
Start importing Assets/Scenes/mainmenu.unity using Guid(592790516eff7a2428df10ed0c8a52dd) Importer(815301076,1909f56bfc062723c751e8b465ee728b)  -> (artifact id: '12fda43e33fd560f9be2ac6811c63894') in 0.016101 seconds
  Import took 0.067928 seconds .

========================================================================
Received Import Request.
  Time since last request: 53.466428 seconds.
  path: Assets/Scenes/game.unity
  artifactKey: Guid(2cda990e2423bbf4892e6590ba056729) Importer(815301076,1909f56bfc062723c751e8b465ee728b)
Start importing Assets/Scenes/game.unity using Guid(2cda990e2423bbf4892e6590ba056729) Importer(815301076,1909f56bfc062723c751e8b465ee728b)  -> (artifact id: '82bb77abb596a928c8953c304e0b5469') in 0.003952 seconds
  Import took 0.009373 seconds .

========================================================================
Received Import Request.
  Time since last request: 22.751577 seconds.
  path: Assets/prefab/obsticls.prefab
  artifactKey: Guid(5caa53af95f55dd4587ab1bc4ec79672) Importer(815301076,1909f56bfc062723c751e8b465ee728b)
Start importing Assets/prefab/obsticls.prefab using Guid(5caa53af95f55dd4587ab1bc4ec79672) Importer(815301076,1909f56bfc062723c751e8b465ee728b)  -> (artifact id: '49e4ea881db14653f570fce44b3ff8ac') in 0.229455 seconds
  Import took 0.274594 seconds .

========================================================================
Received Prepare
Refreshing native plugins compatible for Editor in 2.37 ms, found 1 plugins.
Preloading 0 native plugins for Editor in 0.00 ms.
Unloading 10 Unused Serialized files (Serialized files now loaded: 0)
System memory in use before: 53.2 MB.
System memory in use after: 53.2 MB.

Unloading 10 unused Assets to reduce memory usage. Loaded Objects now: 2266.
Total: 4.543200 ms (FindLiveObjects: 0.625900 ms CreateObjectMapping: 0.094000 ms MarkObjects: 3.693400 ms  DeleteObjects: 0.127600 ms)

========================================================================
Received Import Request.
  Time since last request: 1864.306373 seconds.
  path: Assets/Scenes/mainmenu.unity
  artifactKey: Guid(592790516eff7a2428df10ed0c8a52dd) Importer(815301076,1909f56bfc062723c751e8b465ee728b)
Start importing Assets/Scenes/mainmenu.unity using Guid(592790516eff7a2428df10ed0c8a52dd) Importer(815301076,1909f56bfc062723c751e8b465ee728b)  -> (artifact id: 'a946ee6c17f9a1eeabc9b8eda89d568f') in 0.007116 seconds
  Import took 0.060549 seconds .

AssetImportWorkerClient::OnTransportError - code=2 error=End of file
